<?xml version="1.0" encoding="UTF-8"?>
<testsuite xmlns:xsi="http://www.w3.org/2001/XMLSchema-instance" xsi:noNamespaceSchemaLocation="https://maven.apache.org/surefire/maven-surefire-plugin/xsd/surefire-test-report.xsd" name="com.ynrd.YnrdApplicationTests" time="3.198" tests="1" errors="0" skipped="0" failures="0">
  <properties>
    <property name="sun.desktop" value="windows"/>
    <property name="awt.toolkit" value="sun.awt.windows.WToolkit"/>
    <property name="file.encoding.pkg" value="sun.io"/>
    <property name="java.specification.version" value="1.8"/>
    <property name="sun.cpu.isalist" value="amd64"/>
    <property name="sun.jnu.encoding" value="GBK"/>
    <property name="java.class.path" value="F:\ynrd\target\test-classes;F:\ynrd\target\classes;D:\maven_repo_idea\org\springframework\boot\spring-boot-starter-web\2.3.1.RELEASE\spring-boot-starter-web-2.3.1.RELEASE.jar;D:\maven_repo_idea\org\springframework\boot\spring-boot-starter\2.3.1.RELEASE\spring-boot-starter-2.3.1.RELEASE.jar;D:\maven_repo_idea\org\springframework\boot\spring-boot\2.3.1.RELEASE\spring-boot-2.3.1.RELEASE.jar;D:\maven_repo_idea\org\springframework\boot\spring-boot-autoconfigure\2.3.1.RELEASE\spring-boot-autoconfigure-2.3.1.RELEASE.jar;D:\maven_repo_idea\jakarta\annotation\jakarta.annotation-api\1.3.5\jakarta.annotation-api-1.3.5.jar;D:\maven_repo_idea\org\yaml\snakeyaml\1.26\snakeyaml-1.26.jar;D:\maven_repo_idea\org\springframework\boot\spring-boot-starter-json\2.3.1.RELEASE\spring-boot-starter-json-2.3.1.RELEASE.jar;D:\maven_repo_idea\com\fasterxml\jackson\core\jackson-databind\2.11.0\jackson-databind-2.11.0.jar;D:\maven_repo_idea\com\fasterxml\jackson\core\jackson-annotations\2.11.0\jackson-annotations-2.11.0.jar;D:\maven_repo_idea\com\fasterxml\jackson\core\jackson-core\2.11.0\jackson-core-2.11.0.jar;D:\maven_repo_idea\com\fasterxml\jackson\datatype\jackson-datatype-jdk8\2.11.0\jackson-datatype-jdk8-2.11.0.jar;D:\maven_repo_idea\com\fasterxml\jackson\datatype\jackson-datatype-jsr310\2.11.0\jackson-datatype-jsr310-2.11.0.jar;D:\maven_repo_idea\com\fasterxml\jackson\module\jackson-module-parameter-names\2.11.0\jackson-module-parameter-names-2.11.0.jar;D:\maven_repo_idea\org\springframework\boot\spring-boot-starter-tomcat\2.3.1.RELEASE\spring-boot-starter-tomcat-2.3.1.RELEASE.jar;D:\maven_repo_idea\org\apache\tomcat\embed\tomcat-embed-core\9.0.36\tomcat-embed-core-9.0.36.jar;D:\maven_repo_idea\org\glassfish\jakarta.el\3.0.3\jakarta.el-3.0.3.jar;D:\maven_repo_idea\org\apache\tomcat\embed\tomcat-embed-websocket\9.0.36\tomcat-embed-websocket-9.0.36.jar;D:\maven_repo_idea\org\springframework\spring-web\5.2.7.RELEASE\spring-web-5.2.7.RELEASE.jar;D:\maven_repo_idea\org\springframework\spring-beans\5.2.7.RELEASE\spring-beans-5.2.7.RELEASE.jar;D:\maven_repo_idea\org\springframework\spring-webmvc\5.2.7.RELEASE\spring-webmvc-5.2.7.RELEASE.jar;D:\maven_repo_idea\org\springframework\spring-aop\5.2.7.RELEASE\spring-aop-5.2.7.RELEASE.jar;D:\maven_repo_idea\org\springframework\spring-context\5.2.7.RELEASE\spring-context-5.2.7.RELEASE.jar;D:\maven_repo_idea\org\springframework\spring-expression\5.2.7.RELEASE\spring-expression-5.2.7.RELEASE.jar;D:\maven_repo_idea\org\springframework\boot\spring-boot-starter-log4j2\2.3.1.RELEASE\spring-boot-starter-log4j2-2.3.1.RELEASE.jar;D:\maven_repo_idea\org\apache\logging\log4j\log4j-slf4j-impl\2.13.3\log4j-slf4j-impl-2.13.3.jar;D:\maven_repo_idea\org\slf4j\slf4j-api\1.7.30\slf4j-api-1.7.30.jar;D:\maven_repo_idea\org\apache\logging\log4j\log4j-api\2.13.3\log4j-api-2.13.3.jar;D:\maven_repo_idea\org\apache\logging\log4j\log4j-core\2.13.3\log4j-core-2.13.3.jar;D:\maven_repo_idea\org\apache\logging\log4j\log4j-jul\2.13.3\log4j-jul-2.13.3.jar;D:\maven_repo_idea\org\slf4j\jul-to-slf4j\1.7.30\jul-to-slf4j-1.7.30.jar;D:\maven_repo_idea\org\springframework\boot\spring-boot-starter-test\2.3.1.RELEASE\spring-boot-starter-test-2.3.1.RELEASE.jar;D:\maven_repo_idea\org\springframework\boot\spring-boot-test\2.3.1.RELEASE\spring-boot-test-2.3.1.RELEASE.jar;D:\maven_repo_idea\org\springframework\boot\spring-boot-test-autoconfigure\2.3.1.RELEASE\spring-boot-test-autoconfigure-2.3.1.RELEASE.jar;D:\maven_repo_idea\com\jayway\jsonpath\json-path\2.4.0\json-path-2.4.0.jar;D:\maven_repo_idea\net\minidev\json-smart\2.3\json-smart-2.3.jar;D:\maven_repo_idea\net\minidev\accessors-smart\1.2\accessors-smart-1.2.jar;D:\maven_repo_idea\org\ow2\asm\asm\5.0.4\asm-5.0.4.jar;D:\maven_repo_idea\jakarta\xml\bind\jakarta.xml.bind-api\2.3.3\jakarta.xml.bind-api-2.3.3.jar;D:\maven_repo_idea\jakarta\activation\jakarta.activation-api\1.2.2\jakarta.activation-api-1.2.2.jar;D:\maven_repo_idea\org\assertj\assertj-core\3.16.1\assertj-core-3.16.1.jar;D:\maven_repo_idea\org\hamcrest\hamcrest\2.2\hamcrest-2.2.jar;D:\maven_repo_idea\org\junit\jupiter\junit-jupiter\5.6.2\junit-jupiter-5.6.2.jar;D:\maven_repo_idea\org\junit\jupiter\junit-jupiter-api\5.6.2\junit-jupiter-api-5.6.2.jar;D:\maven_repo_idea\org\apiguardian\apiguardian-api\1.1.0\apiguardian-api-1.1.0.jar;D:\maven_repo_idea\org\opentest4j\opentest4j\1.2.0\opentest4j-1.2.0.jar;D:\maven_repo_idea\org\junit\platform\junit-platform-commons\1.6.2\junit-platform-commons-1.6.2.jar;D:\maven_repo_idea\org\junit\jupiter\junit-jupiter-params\5.6.2\junit-jupiter-params-5.6.2.jar;D:\maven_repo_idea\org\junit\jupiter\junit-jupiter-engine\5.6.2\junit-jupiter-engine-5.6.2.jar;D:\maven_repo_idea\org\junit\platform\junit-platform-engine\1.6.2\junit-platform-engine-1.6.2.jar;D:\maven_repo_idea\org\mockito\mockito-core\3.3.3\mockito-core-3.3.3.jar;D:\maven_repo_idea\net\bytebuddy\byte-buddy\1.10.11\byte-buddy-1.10.11.jar;D:\maven_repo_idea\net\bytebuddy\byte-buddy-agent\1.10.11\byte-buddy-agent-1.10.11.jar;D:\maven_repo_idea\org\objenesis\objenesis\2.6\objenesis-2.6.jar;D:\maven_repo_idea\org\mockito\mockito-junit-jupiter\3.3.3\mockito-junit-jupiter-3.3.3.jar;D:\maven_repo_idea\org\skyscreamer\jsonassert\1.5.0\jsonassert-1.5.0.jar;D:\maven_repo_idea\com\vaadin\external\google\android-json\0.0.20131108.vaadin1\android-json-0.0.20131108.vaadin1.jar;D:\maven_repo_idea\org\springframework\spring-core\5.2.7.RELEASE\spring-core-5.2.7.RELEASE.jar;D:\maven_repo_idea\org\springframework\spring-jcl\5.2.7.RELEASE\spring-jcl-5.2.7.RELEASE.jar;D:\maven_repo_idea\org\springframework\spring-test\5.2.7.RELEASE\spring-test-5.2.7.RELEASE.jar;D:\maven_repo_idea\org\xmlunit\xmlunit-core\2.7.0\xmlunit-core-2.7.0.jar;D:\maven_repo_idea\com\alibaba\fastjson\1.2.70\fastjson-1.2.70.jar;D:\maven_repo_idea\org\apache\shiro\shiro-spring\1.4.0\shiro-spring-1.4.0.jar;D:\maven_repo_idea\org\apache\shiro\shiro-core\1.4.0\shiro-core-1.4.0.jar;D:\maven_repo_idea\org\apache\shiro\shiro-lang\1.4.0\shiro-lang-1.4.0.jar;D:\maven_repo_idea\org\apache\shiro\shiro-cache\1.4.0\shiro-cache-1.4.0.jar;D:\maven_repo_idea\org\apache\shiro\shiro-crypto-hash\1.4.0\shiro-crypto-hash-1.4.0.jar;D:\maven_repo_idea\org\apache\shiro\shiro-crypto-cipher\1.4.0\shiro-crypto-cipher-1.4.0.jar;D:\maven_repo_idea\org\apache\shiro\shiro-config-core\1.4.0\shiro-config-core-1.4.0.jar;D:\maven_repo_idea\org\apache\shiro\shiro-config-ogdl\1.4.0\shiro-config-ogdl-1.4.0.jar;D:\maven_repo_idea\commons-beanutils\commons-beanutils\1.9.3\commons-beanutils-1.9.3.jar;D:\maven_repo_idea\commons-collections\commons-collections\3.2.2\commons-collections-3.2.2.jar;D:\maven_repo_idea\org\apache\shiro\shiro-event\1.4.0\shiro-event-1.4.0.jar;D:\maven_repo_idea\org\apache\shiro\shiro-web\1.4.0\shiro-web-1.4.0.jar;D:\maven_repo_idea\org\springframework\boot\spring-boot-starter-freemarker\2.3.1.RELEASE\spring-boot-starter-freemarker-2.3.1.RELEASE.jar;D:\maven_repo_idea\org\freemarker\freemarker\2.3.30\freemarker-2.3.30.jar;D:\maven_repo_idea\org\springframework\spring-context-support\5.2.7.RELEASE\spring-context-support-5.2.7.RELEASE.jar;D:\maven_repo_idea\mysql\mysql-connector-java\8.0.20\mysql-connector-java-8.0.20.jar;D:\maven_repo_idea\org\mybatis\spring\boot\mybatis-spring-boot-starter\1.3.2\mybatis-spring-boot-starter-1.3.2.jar;D:\maven_repo_idea\org\springframework\boot\spring-boot-starter-jdbc\2.3.1.RELEASE\spring-boot-starter-jdbc-2.3.1.RELEASE.jar;D:\maven_repo_idea\com\zaxxer\HikariCP\3.4.5\HikariCP-3.4.5.jar;D:\maven_repo_idea\org\springframework\spring-jdbc\5.2.7.RELEASE\spring-jdbc-5.2.7.RELEASE.jar;D:\maven_repo_idea\org\springframework\spring-tx\5.2.7.RELEASE\spring-tx-5.2.7.RELEASE.jar;D:\maven_repo_idea\org\mybatis\spring\boot\mybatis-spring-boot-autoconfigure\1.3.2\mybatis-spring-boot-autoconfigure-1.3.2.jar;D:\maven_repo_idea\org\mybatis\mybatis\3.4.6\mybatis-3.4.6.jar;D:\maven_repo_idea\org\mybatis\mybatis-spring\1.3.2\mybatis-spring-1.3.2.jar;D:\maven_repo_idea\net\mingsoft\shiro-freemarker-tags\1.0.2\shiro-freemarker-tags-1.0.2.jar;D:\maven_repo_idea\org\apache\shiro\shiro-all\1.5.3\shiro-all-1.5.3.jar;D:\maven_repo_idea\org\apache\shiro\shiro-crypto-core\1.5.3\shiro-crypto-core-1.5.3.jar;D:\maven_repo_idea\org\apache\shiro\shiro-aspectj\1.5.3\shiro-aspectj-1.5.3.jar;D:\maven_repo_idea\org\aspectj\aspectjrt\1.9.5\aspectjrt-1.9.5.jar;D:\maven_repo_idea\org\aspectj\aspectjweaver\1.9.5\aspectjweaver-1.9.5.jar;D:\maven_repo_idea\org\apache\shiro\shiro-ehcache\1.5.3\shiro-ehcache-1.5.3.jar;D:\maven_repo_idea\net\sf\ehcache\ehcache-core\2.6.11\ehcache-core-2.6.11.jar;D:\maven_repo_idea\org\apache\shiro\shiro-guice\1.5.3\shiro-guice-1.5.3.jar;D:\maven_repo_idea\com\google\inject\guice\4.2.2\guice-4.2.2.jar;D:\maven_repo_idea\javax\inject\javax.inject\1\javax.inject-1.jar;D:\maven_repo_idea\aopalliance\aopalliance\1.0\aopalliance-1.0.jar;D:\maven_repo_idea\com\google\guava\guava\25.1-android\guava-25.1-android.jar;D:\maven_repo_idea\com\google\code\findbugs\jsr305\3.0.2\jsr305-3.0.2.jar;D:\maven_repo_idea\org\checkerframework\checker-compat-qual\2.0.0\checker-compat-qual-2.0.0.jar;D:\maven_repo_idea\com\google\errorprone\error_prone_annotations\2.1.3\error_prone_annotations-2.1.3.jar;D:\maven_repo_idea\com\google\j2objc\j2objc-annotations\1.1\j2objc-annotations-1.1.jar;D:\maven_repo_idea\org\codehaus\mojo\animal-sniffer-annotations\1.14\animal-sniffer-annotations-1.14.jar;D:\maven_repo_idea\com\google\inject\extensions\guice-multibindings\4.2.2\guice-multibindings-4.2.2.jar;D:\maven_repo_idea\javax\annotation\javax.annotation-api\1.3.2\javax.annotation-api-1.3.2.jar;D:\maven_repo_idea\org\apache\shiro\shiro-hazelcast\1.5.3\shiro-hazelcast-1.5.3.jar;D:\maven_repo_idea\com\hazelcast\hazelcast\3.12.7\hazelcast-3.12.7.jar;D:\maven_repo_idea\org\apache\shiro\shiro-quartz\1.5.3\shiro-quartz-1.5.3.jar;D:\maven_repo_idea\org\quartz-scheduler\quartz\2.3.2\quartz-2.3.2.jar;D:\maven_repo_idea\com\mchange\mchange-commons-java\0.2.15\mchange-commons-java-0.2.15.jar;D:\maven_repo_idea\junit\junit\4.12\junit-4.12.jar;D:\maven_repo_idea\org\hamcrest\hamcrest-core\2.2\hamcrest-core-2.2.jar;"/>
    <property name="java.vm.vendor" value="Oracle Corporation"/>
    <property name="sun.arch.data.model" value="64"/>
    <property name="user.variant" value=""/>
    <property name="java.vendor.url" value="http://java.oracle.com/"/>
    <property name="user.timezone" value="Asia/Shanghai"/>
    <property name="java.vm.specification.version" value="1.8"/>
    <property name="os.name" value="Windows 10"/>
    <property name="user.country" value="CN"/>
    <property name="sun.java.launcher" value="SUN_STANDARD"/>
    <property name="sun.boot.library.path" value="C:\Program Files\Java\jdk1.8.0_101\jre\bin"/>
    <property name="sun.java.command" value="C:\Users\bovey\AppData\Local\Temp\surefire4149073034012878419\surefirebooter3524287289100158489.jar C:\Users\bovey\AppData\Local\Temp\surefire4149073034012878419 2020-08-18T16-50-11_311-jvmRun1 surefire3484223352019437485tmp surefire_08446768984968813246tmp"/>
    <property name="surefire.test.class.path" value="F:\ynrd\target\test-classes;F:\ynrd\target\classes;D:\maven_repo_idea\org\springframework\boot\spring-boot-starter-web\2.3.1.RELEASE\spring-boot-starter-web-2.3.1.RELEASE.jar;D:\maven_repo_idea\org\springframework\boot\spring-boot-starter\2.3.1.RELEASE\spring-boot-starter-2.3.1.RELEASE.jar;D:\maven_repo_idea\org\springframework\boot\spring-boot\2.3.1.RELEASE\spring-boot-2.3.1.RELEASE.jar;D:\maven_repo_idea\org\springframework\boot\spring-boot-autoconfigure\2.3.1.RELEASE\spring-boot-autoconfigure-2.3.1.RELEASE.jar;D:\maven_repo_idea\jakarta\annotation\jakarta.annotation-api\1.3.5\jakarta.annotation-api-1.3.5.jar;D:\maven_repo_idea\org\yaml\snakeyaml\1.26\snakeyaml-1.26.jar;D:\maven_repo_idea\org\springframework\boot\spring-boot-starter-json\2.3.1.RELEASE\spring-boot-starter-json-2.3.1.RELEASE.jar;D:\maven_repo_idea\com\fasterxml\jackson\core\jackson-databind\2.11.0\jackson-databind-2.11.0.jar;D:\maven_repo_idea\com\fasterxml\jackson\core\jackson-annotations\2.11.0\jackson-annotations-2.11.0.jar;D:\maven_repo_idea\com\fasterxml\jackson\core\jackson-core\2.11.0\jackson-core-2.11.0.jar;D:\maven_repo_idea\com\fasterxml\jackson\datatype\jackson-datatype-jdk8\2.11.0\jackson-datatype-jdk8-2.11.0.jar;D:\maven_repo_idea\com\fasterxml\jackson\datatype\jackson-datatype-jsr310\2.11.0\jackson-datatype-jsr310-2.11.0.jar;D:\maven_repo_idea\com\fasterxml\jackson\module\jackson-module-parameter-names\2.11.0\jackson-module-parameter-names-2.11.0.jar;D:\maven_repo_idea\org\springframework\boot\spring-boot-starter-tomcat\2.3.1.RELEASE\spring-boot-starter-tomcat-2.3.1.RELEASE.jar;D:\maven_repo_idea\org\apache\tomcat\embed\tomcat-embed-core\9.0.36\tomcat-embed-core-9.0.36.jar;D:\maven_repo_idea\org\glassfish\jakarta.el\3.0.3\jakarta.el-3.0.3.jar;D:\maven_repo_idea\org\apache\tomcat\embed\tomcat-embed-websocket\9.0.36\tomcat-embed-websocket-9.0.36.jar;D:\maven_repo_idea\org\springframework\spring-web\5.2.7.RELEASE\spring-web-5.2.7.RELEASE.jar;D:\maven_repo_idea\org\springframework\spring-beans\5.2.7.RELEASE\spring-beans-5.2.7.RELEASE.jar;D:\maven_repo_idea\org\springframework\spring-webmvc\5.2.7.RELEASE\spring-webmvc-5.2.7.RELEASE.jar;D:\maven_repo_idea\org\springframework\spring-aop\5.2.7.RELEASE\spring-aop-5.2.7.RELEASE.jar;D:\maven_repo_idea\org\springframework\spring-context\5.2.7.RELEASE\spring-context-5.2.7.RELEASE.jar;D:\maven_repo_idea\org\springframework\spring-expression\5.2.7.RELEASE\spring-expression-5.2.7.RELEASE.jar;D:\maven_repo_idea\org\springframework\boot\spring-boot-starter-log4j2\2.3.1.RELEASE\spring-boot-starter-log4j2-2.3.1.RELEASE.jar;D:\maven_repo_idea\org\apache\logging\log4j\log4j-slf4j-impl\2.13.3\log4j-slf4j-impl-2.13.3.jar;D:\maven_repo_idea\org\slf4j\slf4j-api\1.7.30\slf4j-api-1.7.30.jar;D:\maven_repo_idea\org\apache\logging\log4j\log4j-api\2.13.3\log4j-api-2.13.3.jar;D:\maven_repo_idea\org\apache\logging\log4j\log4j-core\2.13.3\log4j-core-2.13.3.jar;D:\maven_repo_idea\org\apache\logging\log4j\log4j-jul\2.13.3\log4j-jul-2.13.3.jar;D:\maven_repo_idea\org\slf4j\jul-to-slf4j\1.7.30\jul-to-slf4j-1.7.30.jar;D:\maven_repo_idea\org\springframework\boot\spring-boot-starter-test\2.3.1.RELEASE\spring-boot-starter-test-2.3.1.RELEASE.jar;D:\maven_repo_idea\org\springframework\boot\spring-boot-test\2.3.1.RELEASE\spring-boot-test-2.3.1.RELEASE.jar;D:\maven_repo_idea\org\springframework\boot\spring-boot-test-autoconfigure\2.3.1.RELEASE\spring-boot-test-autoconfigure-2.3.1.RELEASE.jar;D:\maven_repo_idea\com\jayway\jsonpath\json-path\2.4.0\json-path-2.4.0.jar;D:\maven_repo_idea\net\minidev\json-smart\2.3\json-smart-2.3.jar;D:\maven_repo_idea\net\minidev\accessors-smart\1.2\accessors-smart-1.2.jar;D:\maven_repo_idea\org\ow2\asm\asm\5.0.4\asm-5.0.4.jar;D:\maven_repo_idea\jakarta\xml\bind\jakarta.xml.bind-api\2.3.3\jakarta.xml.bind-api-2.3.3.jar;D:\maven_repo_idea\jakarta\activation\jakarta.activation-api\1.2.2\jakarta.activation-api-1.2.2.jar;D:\maven_repo_idea\org\assertj\assertj-core\3.16.1\assertj-core-3.16.1.jar;D:\maven_repo_idea\org\hamcrest\hamcrest\2.2\hamcrest-2.2.jar;D:\maven_repo_idea\org\junit\jupiter\junit-jupiter\5.6.2\junit-jupiter-5.6.2.jar;D:\maven_repo_idea\org\junit\jupiter\junit-jupiter-api\5.6.2\junit-jupiter-api-5.6.2.jar;D:\maven_repo_idea\org\apiguardian\apiguardian-api\1.1.0\apiguardian-api-1.1.0.jar;D:\maven_repo_idea\org\opentest4j\opentest4j\1.2.0\opentest4j-1.2.0.jar;D:\maven_repo_idea\org\junit\platform\junit-platform-commons\1.6.2\junit-platform-commons-1.6.2.jar;D:\maven_repo_idea\org\junit\jupiter\junit-jupiter-params\5.6.2\junit-jupiter-params-5.6.2.jar;D:\maven_repo_idea\org\junit\jupiter\junit-jupiter-engine\5.6.2\junit-jupiter-engine-5.6.2.jar;D:\maven_repo_idea\org\junit\platform\junit-platform-engine\1.6.2\junit-platform-engine-1.6.2.jar;D:\maven_repo_idea\org\mockito\mockito-core\3.3.3\mockito-core-3.3.3.jar;D:\maven_repo_idea\net\bytebuddy\byte-buddy\1.10.11\byte-buddy-1.10.11.jar;D:\maven_repo_idea\net\bytebuddy\byte-buddy-agent\1.10.11\byte-buddy-agent-1.10.11.jar;D:\maven_repo_idea\org\objenesis\objenesis\2.6\objenesis-2.6.jar;D:\maven_repo_idea\org\mockito\mockito-junit-jupiter\3.3.3\mockito-junit-jupiter-3.3.3.jar;D:\maven_repo_idea\org\skyscreamer\jsonassert\1.5.0\jsonassert-1.5.0.jar;D:\maven_repo_idea\com\vaadin\external\google\android-json\0.0.20131108.vaadin1\android-json-0.0.20131108.vaadin1.jar;D:\maven_repo_idea\org\springframework\spring-core\5.2.7.RELEASE\spring-core-5.2.7.RELEASE.jar;D:\maven_repo_idea\org\springframework\spring-jcl\5.2.7.RELEASE\spring-jcl-5.2.7.RELEASE.jar;D:\maven_repo_idea\org\springframework\spring-test\5.2.7.RELEASE\spring-test-5.2.7.RELEASE.jar;D:\maven_repo_idea\org\xmlunit\xmlunit-core\2.7.0\xmlunit-core-2.7.0.jar;D:\maven_repo_idea\com\alibaba\fastjson\1.2.70\fastjson-1.2.70.jar;D:\maven_repo_idea\org\apache\shiro\shiro-spring\1.4.0\shiro-spring-1.4.0.jar;D:\maven_repo_idea\org\apache\shiro\shiro-core\1.4.0\shiro-core-1.4.0.jar;D:\maven_repo_idea\org\apache\shiro\shiro-lang\1.4.0\shiro-lang-1.4.0.jar;D:\maven_repo_idea\org\apache\shiro\shiro-cache\1.4.0\shiro-cache-1.4.0.jar;D:\maven_repo_idea\org\apache\shiro\shiro-crypto-hash\1.4.0\shiro-crypto-hash-1.4.0.jar;D:\maven_repo_idea\org\apache\shiro\shiro-crypto-cipher\1.4.0\shiro-crypto-cipher-1.4.0.jar;D:\maven_repo_idea\org\apache\shiro\shiro-config-core\1.4.0\shiro-config-core-1.4.0.jar;D:\maven_repo_idea\org\apache\shiro\shiro-config-ogdl\1.4.0\shiro-config-ogdl-1.4.0.jar;D:\maven_repo_idea\commons-beanutils\commons-beanutils\1.9.3\commons-beanutils-1.9.3.jar;D:\maven_repo_idea\commons-collections\commons-collections\3.2.2\commons-collections-3.2.2.jar;D:\maven_repo_idea\org\apache\shiro\shiro-event\1.4.0\shiro-event-1.4.0.jar;D:\maven_repo_idea\org\apache\shiro\shiro-web\1.4.0\shiro-web-1.4.0.jar;D:\maven_repo_idea\org\springframework\boot\spring-boot-starter-freemarker\2.3.1.RELEASE\spring-boot-starter-freemarker-2.3.1.RELEASE.jar;D:\maven_repo_idea\org\freemarker\freemarker\2.3.30\freemarker-2.3.30.jar;D:\maven_repo_idea\org\springframework\spring-context-support\5.2.7.RELEASE\spring-context-support-5.2.7.RELEASE.jar;D:\maven_repo_idea\mysql\mysql-connector-java\8.0.20\mysql-connector-java-8.0.20.jar;D:\maven_repo_idea\org\mybatis\spring\boot\mybatis-spring-boot-starter\1.3.2\mybatis-spring-boot-starter-1.3.2.jar;D:\maven_repo_idea\org\springframework\boot\spring-boot-starter-jdbc\2.3.1.RELEASE\spring-boot-starter-jdbc-2.3.1.RELEASE.jar;D:\maven_repo_idea\com\zaxxer\HikariCP\3.4.5\HikariCP-3.4.5.jar;D:\maven_repo_idea\org\springframework\spring-jdbc\5.2.7.RELEASE\spring-jdbc-5.2.7.RELEASE.jar;D:\maven_repo_idea\org\springframework\spring-tx\5.2.7.RELEASE\spring-tx-5.2.7.RELEASE.jar;D:\maven_repo_idea\org\mybatis\spring\boot\mybatis-spring-boot-autoconfigure\1.3.2\mybatis-spring-boot-autoconfigure-1.3.2.jar;D:\maven_repo_idea\org\mybatis\mybatis\3.4.6\mybatis-3.4.6.jar;D:\maven_repo_idea\org\mybatis\mybatis-spring\1.3.2\mybatis-spring-1.3.2.jar;D:\maven_repo_idea\net\mingsoft\shiro-freemarker-tags\1.0.2\shiro-freemarker-tags-1.0.2.jar;D:\maven_repo_idea\org\apache\shiro\shiro-all\1.5.3\shiro-all-1.5.3.jar;D:\maven_repo_idea\org\apache\shiro\shiro-crypto-core\1.5.3\shiro-crypto-core-1.5.3.jar;D:\maven_repo_idea\org\apache\shiro\shiro-aspectj\1.5.3\shiro-aspectj-1.5.3.jar;D:\maven_repo_idea\org\aspectj\aspectjrt\1.9.5\aspectjrt-1.9.5.jar;D:\maven_repo_idea\org\aspectj\aspectjweaver\1.9.5\aspectjweaver-1.9.5.jar;D:\maven_repo_idea\org\apache\shiro\shiro-ehcache\1.5.3\shiro-ehcache-1.5.3.jar;D:\maven_repo_idea\net\sf\ehcache\ehcache-core\2.6.11\ehcache-core-2.6.11.jar;D:\maven_repo_idea\org\apache\shiro\shiro-guice\1.5.3\shiro-guice-1.5.3.jar;D:\maven_repo_idea\com\google\inject\guice\4.2.2\guice-4.2.2.jar;D:\maven_repo_idea\javax\inject\javax.inject\1\javax.inject-1.jar;D:\maven_repo_idea\aopalliance\aopalliance\1.0\aopalliance-1.0.jar;D:\maven_repo_idea\com\google\guava\guava\25.1-android\guava-25.1-android.jar;D:\maven_repo_idea\com\google\code\findbugs\jsr305\3.0.2\jsr305-3.0.2.jar;D:\maven_repo_idea\org\checkerframework\checker-compat-qual\2.0.0\checker-compat-qual-2.0.0.jar;D:\maven_repo_idea\com\google\errorprone\error_prone_annotations\2.1.3\error_prone_annotations-2.1.3.jar;D:\maven_repo_idea\com\google\j2objc\j2objc-annotations\1.1\j2objc-annotations-1.1.jar;D:\maven_repo_idea\org\codehaus\mojo\animal-sniffer-annotations\1.14\animal-sniffer-annotations-1.14.jar;D:\maven_repo_idea\com\google\inject\extensions\guice-multibindings\4.2.2\guice-multibindings-4.2.2.jar;D:\maven_repo_idea\javax\annotation\javax.annotation-api\1.3.2\javax.annotation-api-1.3.2.jar;D:\maven_repo_idea\org\apache\shiro\shiro-hazelcast\1.5.3\shiro-hazelcast-1.5.3.jar;D:\maven_repo_idea\com\hazelcast\hazelcast\3.12.7\hazelcast-3.12.7.jar;D:\maven_repo_idea\org\apache\shiro\shiro-quartz\1.5.3\shiro-quartz-1.5.3.jar;D:\maven_repo_idea\org\quartz-scheduler\quartz\2.3.2\quartz-2.3.2.jar;D:\maven_repo_idea\com\mchange\mchange-commons-java\0.2.15\mchange-commons-java-0.2.15.jar;D:\maven_repo_idea\junit\junit\4.12\junit-4.12.jar;D:\maven_repo_idea\org\hamcrest\hamcrest-core\2.2\hamcrest-core-2.2.jar;"/>
    <property name="sun.cpu.endian" value="little"/>
    <property name="user.home" value="C:\Users\bovey"/>
    <property name="user.language" value="zh"/>
    <property name="java.specification.vendor" value="Oracle Corporation"/>
    <property name="java.home" value="C:\Program Files\Java\jdk1.8.0_101\jre"/>
    <property name="basedir" value="F:\ynrd"/>
    <property name="file.separator" value="\"/>
    <property name="line.separator" value="&#10;"/>
    <property name="java.vm.specification.vendor" value="Oracle Corporation"/>
    <property name="java.specification.name" value="Java Platform API Specification"/>
    <property name="java.awt.graphicsenv" value="sun.awt.Win32GraphicsEnvironment"/>
    <property name="surefire.real.class.path" value="C:\Users\bovey\AppData\Local\Temp\surefire4149073034012878419\surefirebooter3524287289100158489.jar"/>
    <property name="sun.boot.class.path" value="C:\Program Files\Java\jdk1.8.0_101\jre\lib\resources.jar;C:\Program Files\Java\jdk1.8.0_101\jre\lib\rt.jar;C:\Program Files\Java\jdk1.8.0_101\jre\lib\sunrsasign.jar;C:\Program Files\Java\jdk1.8.0_101\jre\lib\jsse.jar;C:\Program Files\Java\jdk1.8.0_101\jre\lib\jce.jar;C:\Program Files\Java\jdk1.8.0_101\jre\lib\charsets.jar;C:\Program Files\Java\jdk1.8.0_101\jre\lib\jfr.jar;C:\Program Files\Java\jdk1.8.0_101\jre\classes"/>
    <property name="user.script" value=""/>
    <property name="sun.management.compiler" value="HotSpot 64-Bit Tiered Compilers"/>
    <property name="java.runtime.version" value="1.8.0_101-b13"/>
    <property name="user.name" value="bovey"/>
    <property name="path.separator" value=";"/>
    <property name="os.version" value="10.0"/>
    <property name="java.endorsed.dirs" value="C:\Program Files\Java\jdk1.8.0_101\jre\lib\endorsed"/>
    <property name="java.runtime.name" value="Java(TM) SE Runtime Environment"/>
    <property name="file.encoding" value="GBK"/>
    <property name="java.vm.name" value="Java HotSpot(TM) 64-Bit Server VM"/>
    <property name="idea.version2020.1" value="true"/>
    <property name="localRepository" value="D:\maven_repo_idea"/>
    <property name="java.vendor.url.bug" value="http://bugreport.sun.com/bugreport/"/>
    <property name="java.io.tmpdir" value="C:\Users\bovey\AppData\Local\Temp\"/>
    <property name="java.version" value="1.8.0_101"/>
    <property name="user.dir" value="F:\ynrd"/>
    <property name="os.arch" value="amd64"/>
    <property name="java.vm.specification.name" value="Java Virtual Machine Specification"/>
    <property name="java.awt.printerjob" value="sun.awt.windows.WPrinterJob"/>
    <property name="sun.os.patch.level" value=""/>
    <property name="java.library.path" value="C:\Program Files\Java\jdk1.8.0_101\jre\bin;C:\Windows\Sun\Java\bin;C:\Windows\system32;C:\Windows;C:\ProgramData\Oracle\Java\javapath;C:\Windows\system32;C:\Windows;C:\Windows\System32\Wbem;C:\Windows\System32\WindowsPowerShell\v1.0\;C:\Windows\System32\OpenSSH\;C:\Program Files\TortoiseSVN\bin;D:\apache-maven-3.6.3\bin;C:\ProgramData\ComposerSetup\bin;D:\phpStudy\PHPTutorial\php\php-7.2.1-nts;C:\Program Files\nodejs\;C:\Qt\Qt5.14.1\5.14.1\msvc2015_64\bin;C:\Program Files\Java\jdk1.8.0_101\bin;C:\Program Files\Java\jdk1.8.0_101\jre\bin;d:\Program Files\Git\cmd;D:\Program Files\PuTTY\;C:\Users\bovey\AppData\Local\Programs\Python\Python36\Scripts\;C:\Users\bovey\AppData\Local\Programs\Python\Python36\;C:\Users\bovey\AppData\Local\Microsoft\WindowsApps;;D:\Program Files (x86)\SSH Communications Security\SSH Secure Shell;C:\Users\bovey\AppData\Roaming\Composer\vendor\bin;C:\Users\bovey\AppData\Roaming\npm;D:\Program Files\JetBrains\PyCharm 2019.3.3\bin;;."/>
    <property name="java.vm.info" value="mixed mode"/>
    <property name="java.vendor" value="Oracle Corporation"/>
    <property name="java.vm.version" value="25.101-b13"/>
    <property name="java.ext.dirs" value="C:\Program Files\Java\jdk1.8.0_101\jre\lib\ext;C:\Windows\Sun\Java\lib\ext"/>
    <property name="sun.io.unicode.encoding" value="UnicodeLittle"/>
    <property name="maven.repo.local" value="D:\maven_repo_idea"/>
    <property name="java.class.version" value="52.0"/>
  </properties>
  <testcase name="contextLoads" classname="com.ynrd.YnrdApplicationTests" time="0.332"/>
</testsuite>